CRITICAL - 2022-03-31 01:21:09 --> There is no data to insert.
#0 D:\wamp64\www\projects\localcode\system\BaseModel.php(1593): CodeIgniter\Database\Exceptions\DataException::forEmptyDataset('insert')
#1 D:\wamp64\www\projects\localcode\system\BaseModel.php(704): CodeIgniter\BaseModel->transformDataToArray(Array, 'insert')
#2 D:\wamp64\www\projects\localcode\system\Model.php(625): CodeIgniter\BaseModel->insert(Object(stdClass), true)
#3 D:\wamp64\www\projects\localcode\app\Classes\User.php(32): CodeIgniter\Model->insert(Object(stdClass))
#4 D:\wamp64\www\projects\localcode\app\Classes\User.php(39): App\Classes\User->save()
#5 D:\wamp64\www\projects\localcode\app\Controllers\Home.php(25): App\Classes\User::new()
#6 D:\wamp64\www\projects\localcode\system\CodeIgniter.php(832): App\Controllers\Home->index()
#7 D:\wamp64\www\projects\localcode\system\CodeIgniter.php(419): CodeIgniter\CodeIgniter->runController(Object(App\Controllers\Home))
#8 D:\wamp64\www\projects\localcode\system\CodeIgniter.php(326): CodeIgniter\CodeIgniter->handleRequest(NULL, Object(Config\Cache), false)
#9 D:\wamp64\www\projects\localcode\public\index.php(37): CodeIgniter\CodeIgniter->run()
#10 {main}
CRITICAL - 2022-03-31 01:21:17 --> There is no data to insert.
#0 D:\wamp64\www\projects\localcode\system\BaseModel.php(1593): CodeIgniter\Database\Exceptions\DataException::forEmptyDataset('insert')
#1 D:\wamp64\www\projects\localcode\system\BaseModel.php(704): CodeIgniter\BaseModel->transformDataToArray(Array, 'insert')
#2 D:\wamp64\www\projects\localcode\system\Model.php(625): CodeIgniter\BaseModel->insert(Object(stdClass), false)
#3 D:\wamp64\www\projects\localcode\system\BaseModel.php(658): CodeIgniter\Model->insert(Object(stdClass), false)
#4 D:\wamp64\www\projects\localcode\app\Classes\User.php(32): CodeIgniter\BaseModel->save(Object(stdClass))
#5 D:\wamp64\www\projects\localcode\app\Classes\User.php(39): App\Classes\User->save()
#6 D:\wamp64\www\projects\localcode\app\Controllers\Home.php(25): App\Classes\User::new()
#7 D:\wamp64\www\projects\localcode\system\CodeIgniter.php(832): App\Controllers\Home->index()
#8 D:\wamp64\www\projects\localcode\system\CodeIgniter.php(419): CodeIgniter\CodeIgniter->runController(Object(App\Controllers\Home))
#9 D:\wamp64\www\projects\localcode\system\CodeIgniter.php(326): CodeIgniter\CodeIgniter->handleRequest(NULL, Object(Config\Cache), false)
#10 D:\wamp64\www\projects\localcode\public\index.php(37): CodeIgniter\CodeIgniter->run()
#11 {main}
CRITICAL - 2022-03-31 01:21:18 --> There is no data to insert.
#0 D:\wamp64\www\projects\localcode\system\BaseModel.php(1593): CodeIgniter\Database\Exceptions\DataException::forEmptyDataset('insert')
#1 D:\wamp64\www\projects\localcode\system\BaseModel.php(704): CodeIgniter\BaseModel->transformDataToArray(Array, 'insert')
#2 D:\wamp64\www\projects\localcode\system\Model.php(625): CodeIgniter\BaseModel->insert(Object(stdClass), false)
#3 D:\wamp64\www\projects\localcode\system\BaseModel.php(658): CodeIgniter\Model->insert(Object(stdClass), false)
#4 D:\wamp64\www\projects\localcode\app\Classes\User.php(32): CodeIgniter\BaseModel->save(Object(stdClass))
#5 D:\wamp64\www\projects\localcode\app\Classes\User.php(39): App\Classes\User->save()
#6 D:\wamp64\www\projects\localcode\app\Controllers\Home.php(25): App\Classes\User::new()
#7 D:\wamp64\www\projects\localcode\system\CodeIgniter.php(832): App\Controllers\Home->index()
#8 D:\wamp64\www\projects\localcode\system\CodeIgniter.php(419): CodeIgniter\CodeIgniter->runController(Object(App\Controllers\Home))
#9 D:\wamp64\www\projects\localcode\system\CodeIgniter.php(326): CodeIgniter\CodeIgniter->handleRequest(NULL, Object(Config\Cache), false)
#10 D:\wamp64\www\projects\localcode\public\index.php(37): CodeIgniter\CodeIgniter->run()
#11 {main}
CRITICAL - 2022-03-31 01:22:48 --> There is no data to insert.
#0 D:\wamp64\www\projects\localcode\system\BaseModel.php(1593): CodeIgniter\Database\Exceptions\DataException::forEmptyDataset('insert')
#1 D:\wamp64\www\projects\localcode\system\BaseModel.php(704): CodeIgniter\BaseModel->transformDataToArray(Array, 'insert')
#2 D:\wamp64\www\projects\localcode\system\Model.php(625): CodeIgniter\BaseModel->insert(Object(stdClass), true)
#3 D:\wamp64\www\projects\localcode\app\Classes\User.php(32): CodeIgniter\Model->insert(Object(stdClass))
#4 D:\wamp64\www\projects\localcode\app\Classes\User.php(39): App\Classes\User->save()
#5 D:\wamp64\www\projects\localcode\app\Controllers\Home.php(25): App\Classes\User::new()
#6 D:\wamp64\www\projects\localcode\system\CodeIgniter.php(832): App\Controllers\Home->index()
#7 D:\wamp64\www\projects\localcode\system\CodeIgniter.php(419): CodeIgniter\CodeIgniter->runController(Object(App\Controllers\Home))
#8 D:\wamp64\www\projects\localcode\system\CodeIgniter.php(326): CodeIgniter\CodeIgniter->handleRequest(NULL, Object(Config\Cache), false)
#9 D:\wamp64\www\projects\localcode\public\index.php(37): CodeIgniter\CodeIgniter->run()
#10 {main}
CRITICAL - 2022-03-31 01:23:03 --> There is no data to insert.
#0 D:\wamp64\www\projects\localcode\system\BaseModel.php(1574): CodeIgniter\Database\Exceptions\DataException::forEmptyDataset('insert')
#1 D:\wamp64\www\projects\localcode\system\BaseModel.php(704): CodeIgniter\BaseModel->transformDataToArray(Array, 'insert')
#2 D:\wamp64\www\projects\localcode\system\Model.php(625): CodeIgniter\BaseModel->insert(Array, true)
#3 D:\wamp64\www\projects\localcode\app\Classes\User.php(32): CodeIgniter\Model->insert(Array)
#4 D:\wamp64\www\projects\localcode\app\Classes\User.php(39): App\Classes\User->save()
#5 D:\wamp64\www\projects\localcode\app\Controllers\Home.php(25): App\Classes\User::new()
#6 D:\wamp64\www\projects\localcode\system\CodeIgniter.php(832): App\Controllers\Home->index()
#7 D:\wamp64\www\projects\localcode\system\CodeIgniter.php(419): CodeIgniter\CodeIgniter->runController(Object(App\Controllers\Home))
#8 D:\wamp64\www\projects\localcode\system\CodeIgniter.php(326): CodeIgniter\CodeIgniter->handleRequest(NULL, Object(Config\Cache), false)
#9 D:\wamp64\www\projects\localcode\public\index.php(37): CodeIgniter\CodeIgniter->run()
#10 {main}
CRITICAL - 2022-03-31 01:23:44 --> There is no data to insert.
#0 D:\wamp64\www\projects\localcode\system\BaseModel.php(1574): CodeIgniter\Database\Exceptions\DataException::forEmptyDataset('insert')
#1 D:\wamp64\www\projects\localcode\system\BaseModel.php(704): CodeIgniter\BaseModel->transformDataToArray(Array, 'insert')
#2 D:\wamp64\www\projects\localcode\system\Model.php(625): CodeIgniter\BaseModel->insert(Array, true)
#3 D:\wamp64\www\projects\localcode\app\Classes\User.php(32): CodeIgniter\Model->insert(Array)
#4 D:\wamp64\www\projects\localcode\app\Classes\User.php(39): App\Classes\User->save()
#5 D:\wamp64\www\projects\localcode\app\Controllers\Home.php(25): App\Classes\User::new()
#6 D:\wamp64\www\projects\localcode\system\CodeIgniter.php(832): App\Controllers\Home->index()
#7 D:\wamp64\www\projects\localcode\system\CodeIgniter.php(419): CodeIgniter\CodeIgniter->runController(Object(App\Controllers\Home))
#8 D:\wamp64\www\projects\localcode\system\CodeIgniter.php(326): CodeIgniter\CodeIgniter->handleRequest(NULL, Object(Config\Cache), false)
#9 D:\wamp64\www\projects\localcode\public\index.php(37): CodeIgniter\CodeIgniter->run()
#10 {main}
CRITICAL - 2022-03-31 01:23:56 --> insertBatch() called with no data
#0 D:\wamp64\www\projects\localcode\system\Model.php(272): CodeIgniter\Database\BaseBuilder->insertBatch(Array, NULL, 100)
#1 D:\wamp64\www\projects\localcode\system\BaseModel.php(814): CodeIgniter\Model->doInsertBatch(Array, NULL, 100, false)
#2 D:\wamp64\www\projects\localcode\app\Classes\User.php(32): CodeIgniter\BaseModel->insertBatch(Array)
#3 D:\wamp64\www\projects\localcode\app\Classes\User.php(39): App\Classes\User->save()
#4 D:\wamp64\www\projects\localcode\app\Controllers\Home.php(25): App\Classes\User::new()
#5 D:\wamp64\www\projects\localcode\system\CodeIgniter.php(832): App\Controllers\Home->index()
#6 D:\wamp64\www\projects\localcode\system\CodeIgniter.php(419): CodeIgniter\CodeIgniter->runController(Object(App\Controllers\Home))
#7 D:\wamp64\www\projects\localcode\system\CodeIgniter.php(326): CodeIgniter\CodeIgniter->handleRequest(NULL, Object(Config\Cache), false)
#8 D:\wamp64\www\projects\localcode\public\index.php(37): CodeIgniter\CodeIgniter->run()
#9 {main}
CRITICAL - 2022-03-31 01:24:12 --> Too few arguments to function CodeIgniter\BaseModel::save(), 0 passed in D:\wamp64\www\projects\localcode\app\Classes\User.php on line 32 and exactly 1 expected
#0 D:\wamp64\www\projects\localcode\app\Classes\User.php(32): CodeIgniter\BaseModel->save()
#1 D:\wamp64\www\projects\localcode\app\Classes\User.php(39): App\Classes\User->save()
#2 D:\wamp64\www\projects\localcode\app\Controllers\Home.php(25): App\Classes\User::new()
#3 D:\wamp64\www\projects\localcode\system\CodeIgniter.php(832): App\Controllers\Home->index()
#4 D:\wamp64\www\projects\localcode\system\CodeIgniter.php(419): CodeIgniter\CodeIgniter->runController(Object(App\Controllers\Home))
#5 D:\wamp64\www\projects\localcode\system\CodeIgniter.php(326): CodeIgniter\CodeIgniter->handleRequest(NULL, Object(Config\Cache), false)
#6 D:\wamp64\www\projects\localcode\public\index.php(37): CodeIgniter\CodeIgniter->run()
#7 {main}
CRITICAL - 2022-03-31 01:24:20 --> There is no data to insert.
#0 D:\wamp64\www\projects\localcode\system\BaseModel.php(1574): CodeIgniter\Database\Exceptions\DataException::forEmptyDataset('insert')
#1 D:\wamp64\www\projects\localcode\system\BaseModel.php(704): CodeIgniter\BaseModel->transformDataToArray(NULL, 'insert')
#2 D:\wamp64\www\projects\localcode\system\Model.php(625): CodeIgniter\BaseModel->insert(NULL, true)
#3 D:\wamp64\www\projects\localcode\app\Classes\User.php(32): CodeIgniter\Model->insert()
#4 D:\wamp64\www\projects\localcode\app\Classes\User.php(39): App\Classes\User->save()
#5 D:\wamp64\www\projects\localcode\app\Controllers\Home.php(25): App\Classes\User::new()
#6 D:\wamp64\www\projects\localcode\system\CodeIgniter.php(832): App\Controllers\Home->index()
#7 D:\wamp64\www\projects\localcode\system\CodeIgniter.php(419): CodeIgniter\CodeIgniter->runController(Object(App\Controllers\Home))
#8 D:\wamp64\www\projects\localcode\system\CodeIgniter.php(326): CodeIgniter\CodeIgniter->handleRequest(NULL, Object(Config\Cache), false)
#9 D:\wamp64\www\projects\localcode\public\index.php(37): CodeIgniter\CodeIgniter->run()
#10 {main}
CRITICAL - 2022-03-31 01:24:21 --> There is no data to insert.
#0 D:\wamp64\www\projects\localcode\system\BaseModel.php(1574): CodeIgniter\Database\Exceptions\DataException::forEmptyDataset('insert')
#1 D:\wamp64\www\projects\localcode\system\BaseModel.php(704): CodeIgniter\BaseModel->transformDataToArray(NULL, 'insert')
#2 D:\wamp64\www\projects\localcode\system\Model.php(625): CodeIgniter\BaseModel->insert(NULL, true)
#3 D:\wamp64\www\projects\localcode\app\Classes\User.php(32): CodeIgniter\Model->insert()
#4 D:\wamp64\www\projects\localcode\app\Classes\User.php(39): App\Classes\User->save()
#5 D:\wamp64\www\projects\localcode\app\Controllers\Home.php(25): App\Classes\User::new()
#6 D:\wamp64\www\projects\localcode\system\CodeIgniter.php(832): App\Controllers\Home->index()
#7 D:\wamp64\www\projects\localcode\system\CodeIgniter.php(419): CodeIgniter\CodeIgniter->runController(Object(App\Controllers\Home))
#8 D:\wamp64\www\projects\localcode\system\CodeIgniter.php(326): CodeIgniter\CodeIgniter->handleRequest(NULL, Object(Config\Cache), false)
#9 D:\wamp64\www\projects\localcode\public\index.php(37): CodeIgniter\CodeIgniter->run()
#10 {main}
CRITICAL - 2022-03-31 01:25:01 --> There is no data to insert.
#0 D:\wamp64\www\projects\localcode\system\BaseModel.php(1574): CodeIgniter\Database\Exceptions\DataException::forEmptyDataset('insert')
#1 D:\wamp64\www\projects\localcode\system\BaseModel.php(704): CodeIgniter\BaseModel->transformDataToArray(NULL, 'insert')
#2 D:\wamp64\www\projects\localcode\system\Model.php(625): CodeIgniter\BaseModel->insert(NULL, true)
#3 D:\wamp64\www\projects\localcode\app\Classes\User.php(32): CodeIgniter\Model->insert(NULL)
#4 D:\wamp64\www\projects\localcode\app\Classes\User.php(39): App\Classes\User->save()
#5 D:\wamp64\www\projects\localcode\app\Controllers\Home.php(25): App\Classes\User::new()
#6 D:\wamp64\www\projects\localcode\system\CodeIgniter.php(832): App\Controllers\Home->index()
#7 D:\wamp64\www\projects\localcode\system\CodeIgniter.php(419): CodeIgniter\CodeIgniter->runController(Object(App\Controllers\Home))
#8 D:\wamp64\www\projects\localcode\system\CodeIgniter.php(326): CodeIgniter\CodeIgniter->handleRequest(NULL, Object(Config\Cache), false)
#9 D:\wamp64\www\projects\localcode\public\index.php(37): CodeIgniter\CodeIgniter->run()
#10 {main}
CRITICAL - 2022-03-31 01:25:06 --> There is no data to insert.
#0 D:\wamp64\www\projects\localcode\system\BaseModel.php(1574): CodeIgniter\Database\Exceptions\DataException::forEmptyDataset('insert')
#1 D:\wamp64\www\projects\localcode\system\BaseModel.php(704): CodeIgniter\BaseModel->transformDataToArray(Array, 'insert')
#2 D:\wamp64\www\projects\localcode\system\Model.php(625): CodeIgniter\BaseModel->insert(Array, true)
#3 D:\wamp64\www\projects\localcode\app\Classes\User.php(32): CodeIgniter\Model->insert(Array)
#4 D:\wamp64\www\projects\localcode\app\Classes\User.php(39): App\Classes\User->save()
#5 D:\wamp64\www\projects\localcode\app\Controllers\Home.php(25): App\Classes\User::new()
#6 D:\wamp64\www\projects\localcode\system\CodeIgniter.php(832): App\Controllers\Home->index()
#7 D:\wamp64\www\projects\localcode\system\CodeIgniter.php(419): CodeIgniter\CodeIgniter->runController(Object(App\Controllers\Home))
#8 D:\wamp64\www\projects\localcode\system\CodeIgniter.php(326): CodeIgniter\CodeIgniter->handleRequest(NULL, Object(Config\Cache), false)
#9 D:\wamp64\www\projects\localcode\public\index.php(37): CodeIgniter\CodeIgniter->run()
#10 {main}
CRITICAL - 2022-03-31 01:25:39 --> syntax error, unexpected ')'
#0 D:\wamp64\www\projects\localcode\system\Autoloader\Autoloader.php(241): CodeIgniter\Autoloader\Autoloader->includeFile('D:\\wamp64\\www\\p...')
#1 D:\wamp64\www\projects\localcode\system\Autoloader\Autoloader.php(219): CodeIgniter\Autoloader\Autoloader->loadInNamespace('App\\Classes\\Use...')
#2 [internal function]: CodeIgniter\Autoloader\Autoloader->loadClass('App\\Classes\\Use...')
#3 D:\wamp64\www\projects\localcode\app\Models\BaseModel.php(31): spl_autoload_call('App\\Classes\\Use...')
#4 D:\wamp64\www\projects\localcode\app\Controllers\Home.php(23): App\Models\BaseModel->fromMeta('username', 'tarkan')
#5 D:\wamp64\www\projects\localcode\system\CodeIgniter.php(832): App\Controllers\Home->index()
#6 D:\wamp64\www\projects\localcode\system\CodeIgniter.php(419): CodeIgniter\CodeIgniter->runController(Object(App\Controllers\Home))
#7 D:\wamp64\www\projects\localcode\system\CodeIgniter.php(326): CodeIgniter\CodeIgniter->handleRequest(NULL, Object(Config\Cache), false)
#8 D:\wamp64\www\projects\localcode\public\index.php(37): CodeIgniter\CodeIgniter->run()
#9 {main}
CRITICAL - 2022-03-31 01:25:54 --> Allowed fields must be specified for model: App\Models\BaseModel
#0 D:\wamp64\www\projects\localcode\system\BaseModel.php(1138): CodeIgniter\Database\Exceptions\DataException::forInvalidAllowedFields('App\\Models\\Base...')
#1 D:\wamp64\www\projects\localcode\system\BaseModel.php(713): CodeIgniter\BaseModel->doProtectFields(Array)
#2 D:\wamp64\www\projects\localcode\system\Model.php(625): CodeIgniter\BaseModel->insert(Array, true)
#3 D:\wamp64\www\projects\localcode\app\Classes\User.php(32): CodeIgniter\Model->insert(Array)
#4 D:\wamp64\www\projects\localcode\app\Classes\User.php(39): App\Classes\User->save()
#5 D:\wamp64\www\projects\localcode\app\Controllers\Home.php(25): App\Classes\User::new()
#6 D:\wamp64\www\projects\localcode\system\CodeIgniter.php(832): App\Controllers\Home->index()
#7 D:\wamp64\www\projects\localcode\system\CodeIgniter.php(419): CodeIgniter\CodeIgniter->runController(Object(App\Controllers\Home))
#8 D:\wamp64\www\projects\localcode\system\CodeIgniter.php(326): CodeIgniter\CodeIgniter->handleRequest(NULL, Object(Config\Cache), false)
#9 D:\wamp64\www\projects\localcode\public\index.php(37): CodeIgniter\CodeIgniter->run()
#10 {main}
CRITICAL - 2022-03-31 01:25:58 --> Allowed fields must be specified for model: App\Models\BaseModel
#0 D:\wamp64\www\projects\localcode\system\BaseModel.php(1138): CodeIgniter\Database\Exceptions\DataException::forInvalidAllowedFields('App\\Models\\Base...')
#1 D:\wamp64\www\projects\localcode\system\BaseModel.php(713): CodeIgniter\BaseModel->doProtectFields(Array)
#2 D:\wamp64\www\projects\localcode\system\Model.php(625): CodeIgniter\BaseModel->insert(Array, true)
#3 D:\wamp64\www\projects\localcode\app\Classes\User.php(32): CodeIgniter\Model->insert(Array)
#4 D:\wamp64\www\projects\localcode\app\Classes\User.php(39): App\Classes\User->save()
#5 D:\wamp64\www\projects\localcode\app\Controllers\Home.php(25): App\Classes\User::new()
#6 D:\wamp64\www\projects\localcode\system\CodeIgniter.php(832): App\Controllers\Home->index()
#7 D:\wamp64\www\projects\localcode\system\CodeIgniter.php(419): CodeIgniter\CodeIgniter->runController(Object(App\Controllers\Home))
#8 D:\wamp64\www\projects\localcode\system\CodeIgniter.php(326): CodeIgniter\CodeIgniter->handleRequest(NULL, Object(Config\Cache), false)
#9 D:\wamp64\www\projects\localcode\public\index.php(37): CodeIgniter\CodeIgniter->run()
#10 {main}
CRITICAL - 2022-03-31 01:25:58 --> Allowed fields must be specified for model: App\Models\BaseModel
#0 D:\wamp64\www\projects\localcode\system\BaseModel.php(1138): CodeIgniter\Database\Exceptions\DataException::forInvalidAllowedFields('App\\Models\\Base...')
#1 D:\wamp64\www\projects\localcode\system\BaseModel.php(713): CodeIgniter\BaseModel->doProtectFields(Array)
#2 D:\wamp64\www\projects\localcode\system\Model.php(625): CodeIgniter\BaseModel->insert(Array, true)
#3 D:\wamp64\www\projects\localcode\app\Classes\User.php(32): CodeIgniter\Model->insert(Array)
#4 D:\wamp64\www\projects\localcode\app\Classes\User.php(39): App\Classes\User->save()
#5 D:\wamp64\www\projects\localcode\app\Controllers\Home.php(25): App\Classes\User::new()
#6 D:\wamp64\www\projects\localcode\system\CodeIgniter.php(832): App\Controllers\Home->index()
#7 D:\wamp64\www\projects\localcode\system\CodeIgniter.php(419): CodeIgniter\CodeIgniter->runController(Object(App\Controllers\Home))
#8 D:\wamp64\www\projects\localcode\system\CodeIgniter.php(326): CodeIgniter\CodeIgniter->handleRequest(NULL, Object(Config\Cache), false)
#9 D:\wamp64\www\projects\localcode\public\index.php(37): CodeIgniter\CodeIgniter->run()
#10 {main}
CRITICAL - 2022-03-31 01:25:59 --> Allowed fields must be specified for model: App\Models\BaseModel
#0 D:\wamp64\www\projects\localcode\system\BaseModel.php(1138): CodeIgniter\Database\Exceptions\DataException::forInvalidAllowedFields('App\\Models\\Base...')
#1 D:\wamp64\www\projects\localcode\system\BaseModel.php(713): CodeIgniter\BaseModel->doProtectFields(Array)
#2 D:\wamp64\www\projects\localcode\system\Model.php(625): CodeIgniter\BaseModel->insert(Array, true)
#3 D:\wamp64\www\projects\localcode\app\Classes\User.php(32): CodeIgniter\Model->insert(Array)
#4 D:\wamp64\www\projects\localcode\app\Classes\User.php(39): App\Classes\User->save()
#5 D:\wamp64\www\projects\localcode\app\Controllers\Home.php(25): App\Classes\User::new()
#6 D:\wamp64\www\projects\localcode\system\CodeIgniter.php(832): App\Controllers\Home->index()
#7 D:\wamp64\www\projects\localcode\system\CodeIgniter.php(419): CodeIgniter\CodeIgniter->runController(Object(App\Controllers\Home))
#8 D:\wamp64\www\projects\localcode\system\CodeIgniter.php(326): CodeIgniter\CodeIgniter->handleRequest(NULL, Object(Config\Cache), false)
#9 D:\wamp64\www\projects\localcode\public\index.php(37): CodeIgniter\CodeIgniter->run()
#10 {main}
CRITICAL - 2022-03-31 01:26:28 --> There is no data to insert.
#0 D:\wamp64\www\projects\localcode\system\BaseModel.php(1593): CodeIgniter\Database\Exceptions\DataException::forEmptyDataset('insert')
#1 D:\wamp64\www\projects\localcode\system\BaseModel.php(704): CodeIgniter\BaseModel->transformDataToArray(Array, 'insert')
#2 D:\wamp64\www\projects\localcode\system\Model.php(625): CodeIgniter\BaseModel->insert(Object(stdClass), true)
#3 D:\wamp64\www\projects\localcode\app\Classes\User.php(32): CodeIgniter\Model->insert(Object(stdClass))
#4 D:\wamp64\www\projects\localcode\app\Classes\User.php(39): App\Classes\User->save()
#5 D:\wamp64\www\projects\localcode\app\Controllers\Home.php(25): App\Classes\User::new()
#6 D:\wamp64\www\projects\localcode\system\CodeIgniter.php(832): App\Controllers\Home->index()
#7 D:\wamp64\www\projects\localcode\system\CodeIgniter.php(419): CodeIgniter\CodeIgniter->runController(Object(App\Controllers\Home))
#8 D:\wamp64\www\projects\localcode\system\CodeIgniter.php(326): CodeIgniter\CodeIgniter->handleRequest(NULL, Object(Config\Cache), false)
#9 D:\wamp64\www\projects\localcode\public\index.php(37): CodeIgniter\CodeIgniter->run()
#10 {main}
CRITICAL - 2022-03-31 01:26:29 --> There is no data to insert.
#0 D:\wamp64\www\projects\localcode\system\BaseModel.php(1593): CodeIgniter\Database\Exceptions\DataException::forEmptyDataset('insert')
#1 D:\wamp64\www\projects\localcode\system\BaseModel.php(704): CodeIgniter\BaseModel->transformDataToArray(Array, 'insert')
#2 D:\wamp64\www\projects\localcode\system\Model.php(625): CodeIgniter\BaseModel->insert(Object(stdClass), true)
#3 D:\wamp64\www\projects\localcode\app\Classes\User.php(32): CodeIgniter\Model->insert(Object(stdClass))
#4 D:\wamp64\www\projects\localcode\app\Classes\User.php(39): App\Classes\User->save()
#5 D:\wamp64\www\projects\localcode\app\Controllers\Home.php(25): App\Classes\User::new()
#6 D:\wamp64\www\projects\localcode\system\CodeIgniter.php(832): App\Controllers\Home->index()
#7 D:\wamp64\www\projects\localcode\system\CodeIgniter.php(419): CodeIgniter\CodeIgniter->runController(Object(App\Controllers\Home))
#8 D:\wamp64\www\projects\localcode\system\CodeIgniter.php(326): CodeIgniter\CodeIgniter->handleRequest(NULL, Object(Config\Cache), false)
#9 D:\wamp64\www\projects\localcode\public\index.php(37): CodeIgniter\CodeIgniter->run()
#10 {main}
CRITICAL - 2022-03-31 01:26:46 --> There is no data to insert.
#0 D:\wamp64\www\projects\localcode\system\BaseModel.php(1593): CodeIgniter\Database\Exceptions\DataException::forEmptyDataset('insert')
#1 D:\wamp64\www\projects\localcode\system\BaseModel.php(704): CodeIgniter\BaseModel->transformDataToArray(Array, 'insert')
#2 D:\wamp64\www\projects\localcode\system\Model.php(625): CodeIgniter\BaseModel->insert(Object(stdClass), true)
#3 D:\wamp64\www\projects\localcode\app\Classes\User.php(32): CodeIgniter\Model->insert(Object(stdClass))
#4 D:\wamp64\www\projects\localcode\app\Classes\User.php(39): App\Classes\User->save()
#5 D:\wamp64\www\projects\localcode\app\Controllers\Home.php(25): App\Classes\User::new()
#6 D:\wamp64\www\projects\localcode\system\CodeIgniter.php(832): App\Controllers\Home->index()
#7 D:\wamp64\www\projects\localcode\system\CodeIgniter.php(419): CodeIgniter\CodeIgniter->runController(Object(App\Controllers\Home))
#8 D:\wamp64\www\projects\localcode\system\CodeIgniter.php(326): CodeIgniter\CodeIgniter->handleRequest(NULL, Object(Config\Cache), false)
#9 D:\wamp64\www\projects\localcode\public\index.php(37): CodeIgniter\CodeIgniter->run()
#10 {main}
CRITICAL - 2022-03-31 01:26:47 --> There is no data to insert.
#0 D:\wamp64\www\projects\localcode\system\BaseModel.php(1593): CodeIgniter\Database\Exceptions\DataException::forEmptyDataset('insert')
#1 D:\wamp64\www\projects\localcode\system\BaseModel.php(704): CodeIgniter\BaseModel->transformDataToArray(Array, 'insert')
#2 D:\wamp64\www\projects\localcode\system\Model.php(625): CodeIgniter\BaseModel->insert(Object(stdClass), true)
#3 D:\wamp64\www\projects\localcode\app\Classes\User.php(32): CodeIgniter\Model->insert(Object(stdClass))
#4 D:\wamp64\www\projects\localcode\app\Classes\User.php(39): App\Classes\User->save()
#5 D:\wamp64\www\projects\localcode\app\Controllers\Home.php(25): App\Classes\User::new()
#6 D:\wamp64\www\projects\localcode\system\CodeIgniter.php(832): App\Controllers\Home->index()
#7 D:\wamp64\www\projects\localcode\system\CodeIgniter.php(419): CodeIgniter\CodeIgniter->runController(Object(App\Controllers\Home))
#8 D:\wamp64\www\projects\localcode\system\CodeIgniter.php(326): CodeIgniter\CodeIgniter->handleRequest(NULL, Object(Config\Cache), false)
#9 D:\wamp64\www\projects\localcode\public\index.php(37): CodeIgniter\CodeIgniter->run()
#10 {main}
CRITICAL - 2022-03-31 01:26:54 --> There is no data to insert.
#0 D:\wamp64\www\projects\localcode\system\BaseModel.php(1593): CodeIgniter\Database\Exceptions\DataException::forEmptyDataset('insert')
#1 D:\wamp64\www\projects\localcode\system\BaseModel.php(704): CodeIgniter\BaseModel->transformDataToArray(Array, 'insert')
#2 D:\wamp64\www\projects\localcode\system\Model.php(625): CodeIgniter\BaseModel->insert(Object(stdClass), true)
#3 D:\wamp64\www\projects\localcode\app\Classes\User.php(32): CodeIgniter\Model->insert(Object(stdClass))
#4 D:\wamp64\www\projects\localcode\app\Classes\User.php(39): App\Classes\User->save()
#5 D:\wamp64\www\projects\localcode\app\Controllers\Home.php(25): App\Classes\User::new()
#6 D:\wamp64\www\projects\localcode\system\CodeIgniter.php(832): App\Controllers\Home->index()
#7 D:\wamp64\www\projects\localcode\system\CodeIgniter.php(419): CodeIgniter\CodeIgniter->runController(Object(App\Controllers\Home))
#8 D:\wamp64\www\projects\localcode\system\CodeIgniter.php(326): CodeIgniter\CodeIgniter->handleRequest(NULL, Object(Config\Cache), false)
#9 D:\wamp64\www\projects\localcode\public\index.php(37): CodeIgniter\CodeIgniter->run()
#10 {main}
CRITICAL - 2022-03-31 01:27:30 --> There is no data to insert.
#0 D:\wamp64\www\projects\localcode\system\BaseModel.php(1593): CodeIgniter\Database\Exceptions\DataException::forEmptyDataset('insert')
#1 D:\wamp64\www\projects\localcode\system\BaseModel.php(704): CodeIgniter\BaseModel->transformDataToArray(Array, 'insert')
#2 D:\wamp64\www\projects\localcode\system\Model.php(625): CodeIgniter\BaseModel->insert(Object(stdClass), true)
#3 D:\wamp64\www\projects\localcode\app\Models\BaseModel.php(56): CodeIgniter\Model->insert(Object(stdClass))
#4 D:\wamp64\www\projects\localcode\app\Classes\User.php(32): App\Models\BaseModel->addNewUser(Object(stdClass))
#5 D:\wamp64\www\projects\localcode\app\Classes\User.php(39): App\Classes\User->save()
#6 D:\wamp64\www\projects\localcode\app\Controllers\Home.php(25): App\Classes\User::new()
#7 D:\wamp64\www\projects\localcode\system\CodeIgniter.php(832): App\Controllers\Home->index()
#8 D:\wamp64\www\projects\localcode\system\CodeIgniter.php(419): CodeIgniter\CodeIgniter->runController(Object(App\Controllers\Home))
#9 D:\wamp64\www\projects\localcode\system\CodeIgniter.php(326): CodeIgniter\CodeIgniter->handleRequest(NULL, Object(Config\Cache), false)
#10 D:\wamp64\www\projects\localcode\public\index.php(37): CodeIgniter\CodeIgniter->run()
#11 {main}
CRITICAL - 2022-03-31 01:27:34 --> There is no data to insert.
#0 D:\wamp64\www\projects\localcode\system\BaseModel.php(1574): CodeIgniter\Database\Exceptions\DataException::forEmptyDataset('insert')
#1 D:\wamp64\www\projects\localcode\system\BaseModel.php(704): CodeIgniter\BaseModel->transformDataToArray(NULL, 'insert')
#2 D:\wamp64\www\projects\localcode\system\Model.php(625): CodeIgniter\BaseModel->insert(NULL, true)
#3 D:\wamp64\www\projects\localcode\app\Models\BaseModel.php(56): CodeIgniter\Model->insert()
#4 D:\wamp64\www\projects\localcode\app\Classes\User.php(32): App\Models\BaseModel->addNewUser(Object(stdClass))
#5 D:\wamp64\www\projects\localcode\app\Classes\User.php(39): App\Classes\User->save()
#6 D:\wamp64\www\projects\localcode\app\Controllers\Home.php(25): App\Classes\User::new()
#7 D:\wamp64\www\projects\localcode\system\CodeIgniter.php(832): App\Controllers\Home->index()
#8 D:\wamp64\www\projects\localcode\system\CodeIgniter.php(419): CodeIgniter\CodeIgniter->runController(Object(App\Controllers\Home))
#9 D:\wamp64\www\projects\localcode\system\CodeIgniter.php(326): CodeIgniter\CodeIgniter->handleRequest(NULL, Object(Config\Cache), false)
#10 D:\wamp64\www\projects\localcode\public\index.php(37): CodeIgniter\CodeIgniter->run()
#11 {main}
CRITICAL - 2022-03-31 01:27:36 --> Too few arguments to function CodeIgniter\BaseModel::save(), 0 passed in D:\wamp64\www\projects\localcode\app\Models\BaseModel.php on line 56 and exactly 1 expected
#0 D:\wamp64\www\projects\localcode\app\Models\BaseModel.php(56): CodeIgniter\BaseModel->save()
#1 D:\wamp64\www\projects\localcode\app\Classes\User.php(32): App\Models\BaseModel->addNewUser(Object(stdClass))
#2 D:\wamp64\www\projects\localcode\app\Classes\User.php(39): App\Classes\User->save()
#3 D:\wamp64\www\projects\localcode\app\Controllers\Home.php(25): App\Classes\User::new()
#4 D:\wamp64\www\projects\localcode\system\CodeIgniter.php(832): App\Controllers\Home->index()
#5 D:\wamp64\www\projects\localcode\system\CodeIgniter.php(419): CodeIgniter\CodeIgniter->runController(Object(App\Controllers\Home))
#6 D:\wamp64\www\projects\localcode\system\CodeIgniter.php(326): CodeIgniter\CodeIgniter->handleRequest(NULL, Object(Config\Cache), false)
#7 D:\wamp64\www\projects\localcode\public\index.php(37): CodeIgniter\CodeIgniter->run()
#8 {main}
CRITICAL - 2022-03-31 01:27:39 --> There is no data to insert.
#0 D:\wamp64\www\projects\localcode\system\BaseModel.php(1593): CodeIgniter\Database\Exceptions\DataException::forEmptyDataset('insert')
#1 D:\wamp64\www\projects\localcode\system\BaseModel.php(704): CodeIgniter\BaseModel->transformDataToArray(Array, 'insert')
#2 D:\wamp64\www\projects\localcode\system\Model.php(625): CodeIgniter\BaseModel->insert(Object(stdClass), false)
#3 D:\wamp64\www\projects\localcode\system\BaseModel.php(658): CodeIgniter\Model->insert(Object(stdClass), false)
#4 D:\wamp64\www\projects\localcode\app\Models\BaseModel.php(56): CodeIgniter\BaseModel->save(Object(stdClass))
#5 D:\wamp64\www\projects\localcode\app\Classes\User.php(32): App\Models\BaseModel->addNewUser(Object(stdClass))
#6 D:\wamp64\www\projects\localcode\app\Classes\User.php(39): App\Classes\User->save()
#7 D:\wamp64\www\projects\localcode\app\Controllers\Home.php(25): App\Classes\User::new()
#8 D:\wamp64\www\projects\localcode\system\CodeIgniter.php(832): App\Controllers\Home->index()
#9 D:\wamp64\www\projects\localcode\system\CodeIgniter.php(419): CodeIgniter\CodeIgniter->runController(Object(App\Controllers\Home))
#10 D:\wamp64\www\projects\localcode\system\CodeIgniter.php(326): CodeIgniter\CodeIgniter->handleRequest(NULL, Object(Config\Cache), false)
#11 D:\wamp64\www\projects\localcode\public\index.php(37): CodeIgniter\CodeIgniter->run()
#12 {main}
CRITICAL - 2022-03-31 01:27:50 --> There is no data to insert.
#0 D:\wamp64\www\projects\localcode\system\BaseModel.php(1593): CodeIgniter\Database\Exceptions\DataException::forEmptyDataset('insert')
#1 D:\wamp64\www\projects\localcode\system\BaseModel.php(704): CodeIgniter\BaseModel->transformDataToArray(Array, 'insert')
#2 D:\wamp64\www\projects\localcode\system\Model.php(625): CodeIgniter\BaseModel->insert(Object(stdClass), true)
#3 D:\wamp64\www\projects\localcode\app\Classes\User.php(32): CodeIgniter\Model->insert(Object(stdClass))
#4 D:\wamp64\www\projects\localcode\app\Classes\User.php(39): App\Classes\User->save()
#5 D:\wamp64\www\projects\localcode\app\Controllers\Home.php(25): App\Classes\User::new()
#6 D:\wamp64\www\projects\localcode\system\CodeIgniter.php(832): App\Controllers\Home->index()
#7 D:\wamp64\www\projects\localcode\system\CodeIgniter.php(419): CodeIgniter\CodeIgniter->runController(Object(App\Controllers\Home))
#8 D:\wamp64\www\projects\localcode\system\CodeIgniter.php(326): CodeIgniter\CodeIgniter->handleRequest(NULL, Object(Config\Cache), false)
#9 D:\wamp64\www\projects\localcode\public\index.php(37): CodeIgniter\CodeIgniter->run()
#10 {main}
CRITICAL - 2022-03-31 01:28:50 --> syntax error, unexpected '$this' (T_VARIABLE)
#0 D:\wamp64\www\projects\localcode\system\Autoloader\Autoloader.php(241): CodeIgniter\Autoloader\Autoloader->includeFile('D:\\wamp64\\www\\p...')
#1 D:\wamp64\www\projects\localcode\system\Autoloader\Autoloader.php(219): CodeIgniter\Autoloader\Autoloader->loadInNamespace('App\\Classes\\Use...')
#2 [internal function]: CodeIgniter\Autoloader\Autoloader->loadClass('App\\Classes\\Use...')
#3 D:\wamp64\www\projects\localcode\app\Models\BaseModel.php(37): spl_autoload_call('App\\Classes\\Use...')
#4 D:\wamp64\www\projects\localcode\app\Controllers\Home.php(23): App\Models\BaseModel->fromMeta('username', 'tarkan')
#5 D:\wamp64\www\projects\localcode\system\CodeIgniter.php(832): App\Controllers\Home->index()
#6 D:\wamp64\www\projects\localcode\system\CodeIgniter.php(419): CodeIgniter\CodeIgniter->runController(Object(App\Controllers\Home))
#7 D:\wamp64\www\projects\localcode\system\CodeIgniter.php(326): CodeIgniter\CodeIgniter->handleRequest(NULL, Object(Config\Cache), false)
#8 D:\wamp64\www\projects\localcode\public\index.php(37): CodeIgniter\CodeIgniter->run()
#9 {main}
CRITICAL - 2022-03-31 01:28:53 --> There is no data to insert.
#0 D:\wamp64\www\projects\localcode\system\BaseModel.php(1593): CodeIgniter\Database\Exceptions\DataException::forEmptyDataset('insert')
#1 D:\wamp64\www\projects\localcode\system\BaseModel.php(704): CodeIgniter\BaseModel->transformDataToArray(Array, 'insert')
#2 D:\wamp64\www\projects\localcode\system\Model.php(625): CodeIgniter\BaseModel->insert(Object(stdClass), true)
#3 D:\wamp64\www\projects\localcode\app\Classes\User.php(33): CodeIgniter\Model->insert(Object(stdClass))
#4 D:\wamp64\www\projects\localcode\app\Classes\User.php(40): App\Classes\User->save()
#5 D:\wamp64\www\projects\localcode\app\Controllers\Home.php(25): App\Classes\User::new()
#6 D:\wamp64\www\projects\localcode\system\CodeIgniter.php(832): App\Controllers\Home->index()
#7 D:\wamp64\www\projects\localcode\system\CodeIgniter.php(419): CodeIgniter\CodeIgniter->runController(Object(App\Controllers\Home))
#8 D:\wamp64\www\projects\localcode\system\CodeIgniter.php(326): CodeIgniter\CodeIgniter->handleRequest(NULL, Object(Config\Cache), false)
#9 D:\wamp64\www\projects\localcode\public\index.php(37): CodeIgniter\CodeIgniter->run()
#10 {main}
CRITICAL - 2022-03-31 01:28:58 --> There is no data to insert.
#0 D:\wamp64\www\projects\localcode\system\BaseModel.php(1593): CodeIgniter\Database\Exceptions\DataException::forEmptyDataset('insert')
#1 D:\wamp64\www\projects\localcode\system\BaseModel.php(704): CodeIgniter\BaseModel->transformDataToArray(Array, 'insert')
#2 D:\wamp64\www\projects\localcode\system\Model.php(625): CodeIgniter\BaseModel->insert(Object(stdClass), true)
#3 D:\wamp64\www\projects\localcode\app\Classes\User.php(32): CodeIgniter\Model->insert(Object(stdClass))
#4 D:\wamp64\www\projects\localcode\app\Classes\User.php(39): App\Classes\User->save()
#5 D:\wamp64\www\projects\localcode\app\Controllers\Home.php(25): App\Classes\User::new()
#6 D:\wamp64\www\projects\localcode\system\CodeIgniter.php(832): App\Controllers\Home->index()
#7 D:\wamp64\www\projects\localcode\system\CodeIgniter.php(419): CodeIgniter\CodeIgniter->runController(Object(App\Controllers\Home))
#8 D:\wamp64\www\projects\localcode\system\CodeIgniter.php(326): CodeIgniter\CodeIgniter->handleRequest(NULL, Object(Config\Cache), false)
#9 D:\wamp64\www\projects\localcode\public\index.php(37): CodeIgniter\CodeIgniter->run()
#10 {main}
CRITICAL - 2022-03-31 01:30:16 --> There is no data to insert.
#0 D:\wamp64\www\projects\localcode\system\BaseModel.php(1593): CodeIgniter\Database\Exceptions\DataException::forEmptyDataset('insert')
#1 D:\wamp64\www\projects\localcode\system\BaseModel.php(704): CodeIgniter\BaseModel->transformDataToArray(Array, 'insert')
#2 D:\wamp64\www\projects\localcode\system\Model.php(625): CodeIgniter\BaseModel->insert(Object(stdClass), false)
#3 D:\wamp64\www\projects\localcode\app\Classes\User.php(32): CodeIgniter\Model->insert(Object(stdClass), false)
#4 D:\wamp64\www\projects\localcode\app\Classes\User.php(39): App\Classes\User->save()
#5 D:\wamp64\www\projects\localcode\app\Controllers\Home.php(25): App\Classes\User::new()
#6 D:\wamp64\www\projects\localcode\system\CodeIgniter.php(832): App\Controllers\Home->index()
#7 D:\wamp64\www\projects\localcode\system\CodeIgniter.php(419): CodeIgniter\CodeIgniter->runController(Object(App\Controllers\Home))
#8 D:\wamp64\www\projects\localcode\system\CodeIgniter.php(326): CodeIgniter\CodeIgniter->handleRequest(NULL, Object(Config\Cache), false)
#9 D:\wamp64\www\projects\localcode\public\index.php(37): CodeIgniter\CodeIgniter->run()
#10 {main}
CRITICAL - 2022-03-31 01:30:54 --> Call to undefined method App\Models\BaseModel::doInsert
#0 D:\wamp64\www\projects\localcode\app\Classes\User.php(32): CodeIgniter\Model->__call('doInsert', Array)
#1 D:\wamp64\www\projects\localcode\app\Classes\User.php(39): App\Classes\User->save()
#2 D:\wamp64\www\projects\localcode\app\Controllers\Home.php(25): App\Classes\User::new()
#3 D:\wamp64\www\projects\localcode\system\CodeIgniter.php(832): App\Controllers\Home->index()
#4 D:\wamp64\www\projects\localcode\system\CodeIgniter.php(419): CodeIgniter\CodeIgniter->runController(Object(App\Controllers\Home))
#5 D:\wamp64\www\projects\localcode\system\CodeIgniter.php(326): CodeIgniter\CodeIgniter->handleRequest(NULL, Object(Config\Cache), false)
#6 D:\wamp64\www\projects\localcode\public\index.php(37): CodeIgniter\CodeIgniter->run()
#7 {main}
CRITICAL - 2022-03-31 01:31:57 --> Call to undefined method App\Models\BaseModel::doInsert
#0 D:\wamp64\www\projects\localcode\app\Classes\User.php(32): CodeIgniter\Model->__call('doInsert', Array)
#1 D:\wamp64\www\projects\localcode\app\Classes\User.php(39): App\Classes\User->save()
#2 D:\wamp64\www\projects\localcode\app\Controllers\Home.php(25): App\Classes\User::new()
#3 D:\wamp64\www\projects\localcode\system\CodeIgniter.php(832): App\Controllers\Home->index()
#4 D:\wamp64\www\projects\localcode\system\CodeIgniter.php(419): CodeIgniter\CodeIgniter->runController(Object(App\Controllers\Home))
#5 D:\wamp64\www\projects\localcode\system\CodeIgniter.php(326): CodeIgniter\CodeIgniter->handleRequest(NULL, Object(Config\Cache), false)
#6 D:\wamp64\www\projects\localcode\public\index.php(37): CodeIgniter\CodeIgniter->run()
#7 {main}
CRITICAL - 2022-03-31 01:32:17 --> Call to undefined method App\Models\BaseModel::doInsert
#0 D:\wamp64\www\projects\localcode\app\Classes\User.php(38): CodeIgniter\Model->__call('doInsert', Array)
#1 D:\wamp64\www\projects\localcode\app\Classes\User.php(45): App\Classes\User->save()
#2 D:\wamp64\www\projects\localcode\app\Controllers\Home.php(25): App\Classes\User::new()
#3 D:\wamp64\www\projects\localcode\system\CodeIgniter.php(832): App\Controllers\Home->index()
#4 D:\wamp64\www\projects\localcode\system\CodeIgniter.php(419): CodeIgniter\CodeIgniter->runController(Object(App\Controllers\Home))
#5 D:\wamp64\www\projects\localcode\system\CodeIgniter.php(326): CodeIgniter\CodeIgniter->handleRequest(NULL, Object(Config\Cache), false)
#6 D:\wamp64\www\projects\localcode\public\index.php(37): CodeIgniter\CodeIgniter->run()
#7 {main}
CRITICAL - 2022-03-31 01:32:18 --> Call to undefined method App\Models\BaseModel::doInsert
#0 D:\wamp64\www\projects\localcode\app\Classes\User.php(38): CodeIgniter\Model->__call('doInsert', Array)
#1 D:\wamp64\www\projects\localcode\app\Classes\User.php(45): App\Classes\User->save()
#2 D:\wamp64\www\projects\localcode\app\Controllers\Home.php(25): App\Classes\User::new()
#3 D:\wamp64\www\projects\localcode\system\CodeIgniter.php(832): App\Controllers\Home->index()
#4 D:\wamp64\www\projects\localcode\system\CodeIgniter.php(419): CodeIgniter\CodeIgniter->runController(Object(App\Controllers\Home))
#5 D:\wamp64\www\projects\localcode\system\CodeIgniter.php(326): CodeIgniter\CodeIgniter->handleRequest(NULL, Object(Config\Cache), false)
#6 D:\wamp64\www\projects\localcode\public\index.php(37): CodeIgniter\CodeIgniter->run()
#7 {main}
CRITICAL - 2022-03-31 01:32:18 --> Call to undefined method App\Models\BaseModel::doInsert
#0 D:\wamp64\www\projects\localcode\app\Classes\User.php(38): CodeIgniter\Model->__call('doInsert', Array)
#1 D:\wamp64\www\projects\localcode\app\Classes\User.php(45): App\Classes\User->save()
#2 D:\wamp64\www\projects\localcode\app\Controllers\Home.php(25): App\Classes\User::new()
#3 D:\wamp64\www\projects\localcode\system\CodeIgniter.php(832): App\Controllers\Home->index()
#4 D:\wamp64\www\projects\localcode\system\CodeIgniter.php(419): CodeIgniter\CodeIgniter->runController(Object(App\Controllers\Home))
#5 D:\wamp64\www\projects\localcode\system\CodeIgniter.php(326): CodeIgniter\CodeIgniter->handleRequest(NULL, Object(Config\Cache), false)
#6 D:\wamp64\www\projects\localcode\public\index.php(37): CodeIgniter\CodeIgniter->run()
#7 {main}
CRITICAL - 2022-03-31 01:32:18 --> Call to undefined method App\Models\BaseModel::doInsert
#0 D:\wamp64\www\projects\localcode\app\Classes\User.php(38): CodeIgniter\Model->__call('doInsert', Array)
#1 D:\wamp64\www\projects\localcode\app\Classes\User.php(45): App\Classes\User->save()
#2 D:\wamp64\www\projects\localcode\app\Controllers\Home.php(25): App\Classes\User::new()
#3 D:\wamp64\www\projects\localcode\system\CodeIgniter.php(832): App\Controllers\Home->index()
#4 D:\wamp64\www\projects\localcode\system\CodeIgniter.php(419): CodeIgniter\CodeIgniter->runController(Object(App\Controllers\Home))
#5 D:\wamp64\www\projects\localcode\system\CodeIgniter.php(326): CodeIgniter\CodeIgniter->handleRequest(NULL, Object(Config\Cache), false)
#6 D:\wamp64\www\projects\localcode\public\index.php(37): CodeIgniter\CodeIgniter->run()
#7 {main}
CRITICAL - 2022-03-31 01:32:18 --> Call to undefined method App\Models\BaseModel::doInsert
#0 D:\wamp64\www\projects\localcode\app\Classes\User.php(38): CodeIgniter\Model->__call('doInsert', Array)
#1 D:\wamp64\www\projects\localcode\app\Classes\User.php(45): App\Classes\User->save()
#2 D:\wamp64\www\projects\localcode\app\Controllers\Home.php(25): App\Classes\User::new()
#3 D:\wamp64\www\projects\localcode\system\CodeIgniter.php(832): App\Controllers\Home->index()
#4 D:\wamp64\www\projects\localcode\system\CodeIgniter.php(419): CodeIgniter\CodeIgniter->runController(Object(App\Controllers\Home))
#5 D:\wamp64\www\projects\localcode\system\CodeIgniter.php(326): CodeIgniter\CodeIgniter->handleRequest(NULL, Object(Config\Cache), false)
#6 D:\wamp64\www\projects\localcode\public\index.php(37): CodeIgniter\CodeIgniter->run()
#7 {main}
CRITICAL - 2022-03-31 01:32:22 --> Call to undefined method App\Models\BaseModel::doInsert
#0 D:\wamp64\www\projects\localcode\app\Classes\User.php(38): CodeIgniter\Model->__call('doInsert', Array)
#1 D:\wamp64\www\projects\localcode\app\Classes\User.php(45): App\Classes\User->save()
#2 D:\wamp64\www\projects\localcode\app\Controllers\Home.php(25): App\Classes\User::new()
#3 D:\wamp64\www\projects\localcode\system\CodeIgniter.php(832): App\Controllers\Home->index()
#4 D:\wamp64\www\projects\localcode\system\CodeIgniter.php(419): CodeIgniter\CodeIgniter->runController(Object(App\Controllers\Home))
#5 D:\wamp64\www\projects\localcode\system\CodeIgniter.php(326): CodeIgniter\CodeIgniter->handleRequest(NULL, Object(Config\Cache), false)
#6 D:\wamp64\www\projects\localcode\public\index.php(37): CodeIgniter\CodeIgniter->run()
#7 {main}
CRITICAL - 2022-03-31 01:32:23 --> Call to undefined method App\Models\BaseModel::doInsert
#0 D:\wamp64\www\projects\localcode\app\Classes\User.php(38): CodeIgniter\Model->__call('doInsert', Array)
#1 D:\wamp64\www\projects\localcode\app\Classes\User.php(45): App\Classes\User->save()
#2 D:\wamp64\www\projects\localcode\app\Controllers\Home.php(25): App\Classes\User::new()
#3 D:\wamp64\www\projects\localcode\system\CodeIgniter.php(832): App\Controllers\Home->index()
#4 D:\wamp64\www\projects\localcode\system\CodeIgniter.php(419): CodeIgniter\CodeIgniter->runController(Object(App\Controllers\Home))
#5 D:\wamp64\www\projects\localcode\system\CodeIgniter.php(326): CodeIgniter\CodeIgniter->handleRequest(NULL, Object(Config\Cache), false)
#6 D:\wamp64\www\projects\localcode\public\index.php(37): CodeIgniter\CodeIgniter->run()
#7 {main}
CRITICAL - 2022-03-31 01:32:23 --> Call to undefined method App\Models\BaseModel::doInsert
#0 D:\wamp64\www\projects\localcode\app\Classes\User.php(38): CodeIgniter\Model->__call('doInsert', Array)
#1 D:\wamp64\www\projects\localcode\app\Classes\User.php(45): App\Classes\User->save()
#2 D:\wamp64\www\projects\localcode\app\Controllers\Home.php(25): App\Classes\User::new()
#3 D:\wamp64\www\projects\localcode\system\CodeIgniter.php(832): App\Controllers\Home->index()
#4 D:\wamp64\www\projects\localcode\system\CodeIgniter.php(419): CodeIgniter\CodeIgniter->runController(Object(App\Controllers\Home))
#5 D:\wamp64\www\projects\localcode\system\CodeIgniter.php(326): CodeIgniter\CodeIgniter->handleRequest(NULL, Object(Config\Cache), false)
#6 D:\wamp64\www\projects\localcode\public\index.php(37): CodeIgniter\CodeIgniter->run()
#7 {main}
CRITICAL - 2022-03-31 01:32:23 --> Call to undefined method App\Models\BaseModel::doInsert
#0 D:\wamp64\www\projects\localcode\app\Classes\User.php(38): CodeIgniter\Model->__call('doInsert', Array)
#1 D:\wamp64\www\projects\localcode\app\Classes\User.php(45): App\Classes\User->save()
#2 D:\wamp64\www\projects\localcode\app\Controllers\Home.php(25): App\Classes\User::new()
#3 D:\wamp64\www\projects\localcode\system\CodeIgniter.php(832): App\Controllers\Home->index()
#4 D:\wamp64\www\projects\localcode\system\CodeIgniter.php(419): CodeIgniter\CodeIgniter->runController(Object(App\Controllers\Home))
#5 D:\wamp64\www\projects\localcode\system\CodeIgniter.php(326): CodeIgniter\CodeIgniter->handleRequest(NULL, Object(Config\Cache), false)
#6 D:\wamp64\www\projects\localcode\public\index.php(37): CodeIgniter\CodeIgniter->run()
#7 {main}
CRITICAL - 2022-03-31 01:32:23 --> Call to undefined method App\Models\BaseModel::doInsert
#0 D:\wamp64\www\projects\localcode\app\Classes\User.php(38): CodeIgniter\Model->__call('doInsert', Array)
#1 D:\wamp64\www\projects\localcode\app\Classes\User.php(45): App\Classes\User->save()
#2 D:\wamp64\www\projects\localcode\app\Controllers\Home.php(25): App\Classes\User::new()
#3 D:\wamp64\www\projects\localcode\system\CodeIgniter.php(832): App\Controllers\Home->index()
#4 D:\wamp64\www\projects\localcode\system\CodeIgniter.php(419): CodeIgniter\CodeIgniter->runController(Object(App\Controllers\Home))
#5 D:\wamp64\www\projects\localcode\system\CodeIgniter.php(326): CodeIgniter\CodeIgniter->handleRequest(NULL, Object(Config\Cache), false)
#6 D:\wamp64\www\projects\localcode\public\index.php(37): CodeIgniter\CodeIgniter->run()
#7 {main}
CRITICAL - 2022-03-31 01:32:25 --> Call to undefined method App\Models\BaseModel::doInsert
#0 D:\wamp64\www\projects\localcode\app\Classes\User.php(38): CodeIgniter\Model->__call('doInsert', Array)
#1 D:\wamp64\www\projects\localcode\app\Classes\User.php(45): App\Classes\User->save()
#2 D:\wamp64\www\projects\localcode\app\Controllers\Home.php(25): App\Classes\User::new()
#3 D:\wamp64\www\projects\localcode\system\CodeIgniter.php(832): App\Controllers\Home->index()
#4 D:\wamp64\www\projects\localcode\system\CodeIgniter.php(419): CodeIgniter\CodeIgniter->runController(Object(App\Controllers\Home))
#5 D:\wamp64\www\projects\localcode\system\CodeIgniter.php(326): CodeIgniter\CodeIgniter->handleRequest(NULL, Object(Config\Cache), false)
#6 D:\wamp64\www\projects\localcode\public\index.php(37): CodeIgniter\CodeIgniter->run()
#7 {main}
CRITICAL - 2022-03-31 01:34:12 --> syntax error, unexpected '->' (T_OBJECT_OPERATOR), expecting ')'
#0 D:\wamp64\www\projects\localcode\system\Autoloader\Autoloader.php(241): CodeIgniter\Autoloader\Autoloader->includeFile('D:\\wamp64\\www\\p...')
#1 D:\wamp64\www\projects\localcode\system\Autoloader\Autoloader.php(219): CodeIgniter\Autoloader\Autoloader->loadInNamespace('App\\Classes\\Use...')
#2 [internal function]: CodeIgniter\Autoloader\Autoloader->loadClass('App\\Classes\\Use...')
#3 D:\wamp64\www\projects\localcode\app\Models\BaseModel.php(37): spl_autoload_call('App\\Classes\\Use...')
#4 D:\wamp64\www\projects\localcode\app\Controllers\Home.php(23): App\Models\BaseModel->fromMeta('username', 'tarkan')
#5 D:\wamp64\www\projects\localcode\system\CodeIgniter.php(832): App\Controllers\Home->index()
#6 D:\wamp64\www\projects\localcode\system\CodeIgniter.php(419): CodeIgniter\CodeIgniter->runController(Object(App\Controllers\Home))
#7 D:\wamp64\www\projects\localcode\system\CodeIgniter.php(326): CodeIgniter\CodeIgniter->handleRequest(NULL, Object(Config\Cache), false)
#8 D:\wamp64\www\projects\localcode\public\index.php(37): CodeIgniter\CodeIgniter->run()
#9 {main}
CRITICAL - 2022-03-31 01:57:41 --> Illegal offset type
#0 D:\wamp64\www\projects\localcode\system\Database\BaseBuilder.php(665): CodeIgniter\Debug\Exceptions->errorHandler(2, 'Illegal offset ...', 'D:\\wamp64\\www\\p...', 665, Array)
#1 D:\wamp64\www\projects\localcode\system\Database\BaseBuilder.php(631): CodeIgniter\Database\BaseBuilder->whereHaving('QBWhere', Object(stdClass), NULL, 'AND ', NULL)
#2 D:\wamp64\www\projects\localcode\system\Model.php(728): CodeIgniter\Database\BaseBuilder->where(Object(stdClass))
#3 D:\wamp64\www\projects\localcode\app\Models\BaseModel.php(34): CodeIgniter\Model->__call('where', Array)
#4 D:\wamp64\www\projects\localcode\app\Controllers\Home.php(25): App\Models\BaseModel->fromId(14)
#5 D:\wamp64\www\projects\localcode\system\CodeIgniter.php(832): App\Controllers\Home->index()
#6 D:\wamp64\www\projects\localcode\system\CodeIgniter.php(419): CodeIgniter\CodeIgniter->runController(Object(App\Controllers\Home))
#7 D:\wamp64\www\projects\localcode\system\CodeIgniter.php(326): CodeIgniter\CodeIgniter->handleRequest(NULL, Object(Config\Cache), false)
#8 D:\wamp64\www\projects\localcode\public\index.php(37): CodeIgniter\CodeIgniter->run()
#9 {main}
CRITICAL - 2022-03-31 01:57:41 --> Illegal offset type
#0 D:\wamp64\www\projects\localcode\system\Database\BaseBuilder.php(665): CodeIgniter\Debug\Exceptions->errorHandler(2, 'Illegal offset ...', 'D:\\wamp64\\www\\p...', 665, Array)
#1 D:\wamp64\www\projects\localcode\system\Database\BaseBuilder.php(631): CodeIgniter\Database\BaseBuilder->whereHaving('QBWhere', Object(stdClass), NULL, 'AND ', NULL)
#2 D:\wamp64\www\projects\localcode\system\Model.php(728): CodeIgniter\Database\BaseBuilder->where(Object(stdClass))
#3 D:\wamp64\www\projects\localcode\app\Models\BaseModel.php(34): CodeIgniter\Model->__call('where', Array)
#4 D:\wamp64\www\projects\localcode\app\Controllers\Home.php(25): App\Models\BaseModel->fromId(14)
#5 D:\wamp64\www\projects\localcode\system\CodeIgniter.php(832): App\Controllers\Home->index()
#6 D:\wamp64\www\projects\localcode\system\CodeIgniter.php(419): CodeIgniter\CodeIgniter->runController(Object(App\Controllers\Home))
#7 D:\wamp64\www\projects\localcode\system\CodeIgniter.php(326): CodeIgniter\CodeIgniter->handleRequest(NULL, Object(Config\Cache), false)
#8 D:\wamp64\www\projects\localcode\public\index.php(37): CodeIgniter\CodeIgniter->run()
#9 {main}
CRITICAL - 2022-03-31 01:57:42 --> Illegal offset type
#0 D:\wamp64\www\projects\localcode\system\Database\BaseBuilder.php(665): CodeIgniter\Debug\Exceptions->errorHandler(2, 'Illegal offset ...', 'D:\\wamp64\\www\\p...', 665, Array)
#1 D:\wamp64\www\projects\localcode\system\Database\BaseBuilder.php(631): CodeIgniter\Database\BaseBuilder->whereHaving('QBWhere', Object(stdClass), NULL, 'AND ', NULL)
#2 D:\wamp64\www\projects\localcode\system\Model.php(728): CodeIgniter\Database\BaseBuilder->where(Object(stdClass))
#3 D:\wamp64\www\projects\localcode\app\Models\BaseModel.php(34): CodeIgniter\Model->__call('where', Array)
#4 D:\wamp64\www\projects\localcode\app\Controllers\Home.php(25): App\Models\BaseModel->fromId(14)
#5 D:\wamp64\www\projects\localcode\system\CodeIgniter.php(832): App\Controllers\Home->index()
#6 D:\wamp64\www\projects\localcode\system\CodeIgniter.php(419): CodeIgniter\CodeIgniter->runController(Object(App\Controllers\Home))
#7 D:\wamp64\www\projects\localcode\system\CodeIgniter.php(326): CodeIgniter\CodeIgniter->handleRequest(NULL, Object(Config\Cache), false)
#8 D:\wamp64\www\projects\localcode\public\index.php(37): CodeIgniter\CodeIgniter->run()
#9 {main}
CRITICAL - 2022-03-31 01:57:42 --> Illegal offset type
#0 D:\wamp64\www\projects\localcode\system\Database\BaseBuilder.php(665): CodeIgniter\Debug\Exceptions->errorHandler(2, 'Illegal offset ...', 'D:\\wamp64\\www\\p...', 665, Array)
#1 D:\wamp64\www\projects\localcode\system\Database\BaseBuilder.php(631): CodeIgniter\Database\BaseBuilder->whereHaving('QBWhere', Object(stdClass), NULL, 'AND ', NULL)
#2 D:\wamp64\www\projects\localcode\system\Model.php(728): CodeIgniter\Database\BaseBuilder->where(Object(stdClass))
#3 D:\wamp64\www\projects\localcode\app\Models\BaseModel.php(34): CodeIgniter\Model->__call('where', Array)
#4 D:\wamp64\www\projects\localcode\app\Controllers\Home.php(25): App\Models\BaseModel->fromId(14)
#5 D:\wamp64\www\projects\localcode\system\CodeIgniter.php(832): App\Controllers\Home->index()
#6 D:\wamp64\www\projects\localcode\system\CodeIgniter.php(419): CodeIgniter\CodeIgniter->runController(Object(App\Controllers\Home))
#7 D:\wamp64\www\projects\localcode\system\CodeIgniter.php(326): CodeIgniter\CodeIgniter->handleRequest(NULL, Object(Config\Cache), false)
#8 D:\wamp64\www\projects\localcode\public\index.php(37): CodeIgniter\CodeIgniter->run()
#9 {main}
CRITICAL - 2022-03-31 01:57:42 --> Illegal offset type
#0 D:\wamp64\www\projects\localcode\system\Database\BaseBuilder.php(665): CodeIgniter\Debug\Exceptions->errorHandler(2, 'Illegal offset ...', 'D:\\wamp64\\www\\p...', 665, Array)
#1 D:\wamp64\www\projects\localcode\system\Database\BaseBuilder.php(631): CodeIgniter\Database\BaseBuilder->whereHaving('QBWhere', Object(stdClass), NULL, 'AND ', NULL)
#2 D:\wamp64\www\projects\localcode\system\Model.php(728): CodeIgniter\Database\BaseBuilder->where(Object(stdClass))
#3 D:\wamp64\www\projects\localcode\app\Models\BaseModel.php(34): CodeIgniter\Model->__call('where', Array)
#4 D:\wamp64\www\projects\localcode\app\Controllers\Home.php(25): App\Models\BaseModel->fromId(14)
#5 D:\wamp64\www\projects\localcode\system\CodeIgniter.php(832): App\Controllers\Home->index()
#6 D:\wamp64\www\projects\localcode\system\CodeIgniter.php(419): CodeIgniter\CodeIgniter->runController(Object(App\Controllers\Home))
#7 D:\wamp64\www\projects\localcode\system\CodeIgniter.php(326): CodeIgniter\CodeIgniter->handleRequest(NULL, Object(Config\Cache), false)
#8 D:\wamp64\www\projects\localcode\public\index.php(37): CodeIgniter\CodeIgniter->run()
#9 {main}
CRITICAL - 2022-03-31 01:57:42 --> Illegal offset type
#0 D:\wamp64\www\projects\localcode\system\Database\BaseBuilder.php(665): CodeIgniter\Debug\Exceptions->errorHandler(2, 'Illegal offset ...', 'D:\\wamp64\\www\\p...', 665, Array)
#1 D:\wamp64\www\projects\localcode\system\Database\BaseBuilder.php(631): CodeIgniter\Database\BaseBuilder->whereHaving('QBWhere', Object(stdClass), NULL, 'AND ', NULL)
#2 D:\wamp64\www\projects\localcode\system\Model.php(728): CodeIgniter\Database\BaseBuilder->where(Object(stdClass))
#3 D:\wamp64\www\projects\localcode\app\Models\BaseModel.php(34): CodeIgniter\Model->__call('where', Array)
#4 D:\wamp64\www\projects\localcode\app\Controllers\Home.php(25): App\Models\BaseModel->fromId(14)
#5 D:\wamp64\www\projects\localcode\system\CodeIgniter.php(832): App\Controllers\Home->index()
#6 D:\wamp64\www\projects\localcode\system\CodeIgniter.php(419): CodeIgniter\CodeIgniter->runController(Object(App\Controllers\Home))
#7 D:\wamp64\www\projects\localcode\system\CodeIgniter.php(326): CodeIgniter\CodeIgniter->handleRequest(NULL, Object(Config\Cache), false)
#8 D:\wamp64\www\projects\localcode\public\index.php(37): CodeIgniter\CodeIgniter->run()
#9 {main}
CRITICAL - 2022-03-31 01:57:42 --> Illegal offset type
#0 D:\wamp64\www\projects\localcode\system\Database\BaseBuilder.php(665): CodeIgniter\Debug\Exceptions->errorHandler(2, 'Illegal offset ...', 'D:\\wamp64\\www\\p...', 665, Array)
#1 D:\wamp64\www\projects\localcode\system\Database\BaseBuilder.php(631): CodeIgniter\Database\BaseBuilder->whereHaving('QBWhere', Object(stdClass), NULL, 'AND ', NULL)
#2 D:\wamp64\www\projects\localcode\system\Model.php(728): CodeIgniter\Database\BaseBuilder->where(Object(stdClass))
#3 D:\wamp64\www\projects\localcode\app\Models\BaseModel.php(34): CodeIgniter\Model->__call('where', Array)
#4 D:\wamp64\www\projects\localcode\app\Controllers\Home.php(25): App\Models\BaseModel->fromId(14)
#5 D:\wamp64\www\projects\localcode\system\CodeIgniter.php(832): App\Controllers\Home->index()
#6 D:\wamp64\www\projects\localcode\system\CodeIgniter.php(419): CodeIgniter\CodeIgniter->runController(Object(App\Controllers\Home))
#7 D:\wamp64\www\projects\localcode\system\CodeIgniter.php(326): CodeIgniter\CodeIgniter->handleRequest(NULL, Object(Config\Cache), false)
#8 D:\wamp64\www\projects\localcode\public\index.php(37): CodeIgniter\CodeIgniter->run()
#9 {main}
CRITICAL - 2022-03-31 01:57:46 --> Illegal offset type
#0 D:\wamp64\www\projects\localcode\system\Database\BaseBuilder.php(665): CodeIgniter\Debug\Exceptions->errorHandler(2, 'Illegal offset ...', 'D:\\wamp64\\www\\p...', 665, Array)
#1 D:\wamp64\www\projects\localcode\system\Database\BaseBuilder.php(631): CodeIgniter\Database\BaseBuilder->whereHaving('QBWhere', Object(stdClass), NULL, 'AND ', NULL)
#2 D:\wamp64\www\projects\localcode\system\Model.php(728): CodeIgniter\Database\BaseBuilder->where(Object(stdClass))
#3 D:\wamp64\www\projects\localcode\app\Models\BaseModel.php(34): CodeIgniter\Model->__call('where', Array)
#4 D:\wamp64\www\projects\localcode\app\Controllers\Home.php(25): App\Models\BaseModel->fromId(14)
#5 D:\wamp64\www\projects\localcode\system\CodeIgniter.php(832): App\Controllers\Home->index()
#6 D:\wamp64\www\projects\localcode\system\CodeIgniter.php(419): CodeIgniter\CodeIgniter->runController(Object(App\Controllers\Home))
#7 D:\wamp64\www\projects\localcode\system\CodeIgniter.php(326): CodeIgniter\CodeIgniter->handleRequest(NULL, Object(Config\Cache), false)
#8 D:\wamp64\www\projects\localcode\public\index.php(37): CodeIgniter\CodeIgniter->run()
#9 {main}
CRITICAL - 2022-03-31 01:59:00 --> Illegal offset type
#0 D:\wamp64\www\projects\localcode\system\Database\BaseBuilder.php(665): CodeIgniter\Debug\Exceptions->errorHandler(2, 'Illegal offset ...', 'D:\\wamp64\\www\\p...', 665, Array)
#1 D:\wamp64\www\projects\localcode\system\Database\BaseBuilder.php(631): CodeIgniter\Database\BaseBuilder->whereHaving('QBWhere', Object(stdClass), NULL, 'AND ', NULL)
#2 D:\wamp64\www\projects\localcode\system\Model.php(728): CodeIgniter\Database\BaseBuilder->where(Object(stdClass))
#3 D:\wamp64\www\projects\localcode\app\Models\BaseModel.php(34): CodeIgniter\Model->__call('where', Array)
#4 D:\wamp64\www\projects\localcode\app\Controllers\Home.php(25): App\Models\BaseModel->fromId(14)
#5 D:\wamp64\www\projects\localcode\system\CodeIgniter.php(832): App\Controllers\Home->index()
#6 D:\wamp64\www\projects\localcode\system\CodeIgniter.php(419): CodeIgniter\CodeIgniter->runController(Object(App\Controllers\Home))
#7 D:\wamp64\www\projects\localcode\system\CodeIgniter.php(326): CodeIgniter\CodeIgniter->handleRequest(NULL, Object(Config\Cache), false)
#8 D:\wamp64\www\projects\localcode\public\index.php(37): CodeIgniter\CodeIgniter->run()
#9 {main}
CRITICAL - 2022-03-31 02:02:38 --> Cannot use object of type stdClass as array
#0 D:\wamp64\www\projects\localcode\app\Controllers\Home.php(23): App\Models\BaseModel->fromMeta('username', 'tarkan')
#1 D:\wamp64\www\projects\localcode\system\CodeIgniter.php(832): App\Controllers\Home->index()
#2 D:\wamp64\www\projects\localcode\system\CodeIgniter.php(419): CodeIgniter\CodeIgniter->runController(Object(App\Controllers\Home))
#3 D:\wamp64\www\projects\localcode\system\CodeIgniter.php(326): CodeIgniter\CodeIgniter->handleRequest(NULL, Object(Config\Cache), false)
#4 D:\wamp64\www\projects\localcode\public\index.php(37): CodeIgniter\CodeIgniter->run()
#5 {main}
CRITICAL - 2022-03-31 02:03:08 --> Cannot use object of type stdClass as array
#0 D:\wamp64\www\projects\localcode\app\Classes\core\Base.php(22): App\Classes\Core\Base->load(Array)
#1 D:\wamp64\www\projects\localcode\app\Models\BaseModel.php(45): App\Classes\Core\Base->fromData(Array)
#2 D:\wamp64\www\projects\localcode\app\Controllers\Home.php(23): App\Models\BaseModel->fromMeta('username', 'tarkan')
#3 D:\wamp64\www\projects\localcode\system\CodeIgniter.php(832): App\Controllers\Home->index()
#4 D:\wamp64\www\projects\localcode\system\CodeIgniter.php(419): CodeIgniter\CodeIgniter->runController(Object(App\Controllers\Home))
#5 D:\wamp64\www\projects\localcode\system\CodeIgniter.php(326): CodeIgniter\CodeIgniter->handleRequest(NULL, Object(Config\Cache), false)
#6 D:\wamp64\www\projects\localcode\public\index.php(37): CodeIgniter\CodeIgniter->run()
#7 {main}
CRITICAL - 2022-03-31 02:03:34 --> Cannot use object of type stdClass as array
#0 D:\wamp64\www\projects\localcode\app\Classes\core\Base.php(22): App\Classes\Core\Base->load(Object(stdClass))
#1 D:\wamp64\www\projects\localcode\app\Models\BaseModel.php(45): App\Classes\Core\Base->fromData(Object(stdClass))
#2 D:\wamp64\www\projects\localcode\app\Controllers\Home.php(23): App\Models\BaseModel->fromMeta('username', 'tarkan')
#3 D:\wamp64\www\projects\localcode\system\CodeIgniter.php(832): App\Controllers\Home->index()
#4 D:\wamp64\www\projects\localcode\system\CodeIgniter.php(419): CodeIgniter\CodeIgniter->runController(Object(App\Controllers\Home))
#5 D:\wamp64\www\projects\localcode\system\CodeIgniter.php(326): CodeIgniter\CodeIgniter->handleRequest(NULL, Object(Config\Cache), false)
#6 D:\wamp64\www\projects\localcode\public\index.php(37): CodeIgniter\CodeIgniter->run()
#7 {main}
CRITICAL - 2022-03-31 02:03:43 --> Cannot use object of type stdClass as array
#0 D:\wamp64\www\projects\localcode\app\Classes\core\Base.php(22): App\Classes\Core\Base->load(Object(stdClass))
#1 D:\wamp64\www\projects\localcode\app\Models\BaseModel.php(45): App\Classes\Core\Base->fromData(Object(stdClass))
#2 D:\wamp64\www\projects\localcode\app\Controllers\Home.php(23): App\Models\BaseModel->fromMeta('username', 'tarkan')
#3 D:\wamp64\www\projects\localcode\system\CodeIgniter.php(832): App\Controllers\Home->index()
#4 D:\wamp64\www\projects\localcode\system\CodeIgniter.php(419): CodeIgniter\CodeIgniter->runController(Object(App\Controllers\Home))
#5 D:\wamp64\www\projects\localcode\system\CodeIgniter.php(326): CodeIgniter\CodeIgniter->handleRequest(NULL, Object(Config\Cache), false)
#6 D:\wamp64\www\projects\localcode\public\index.php(37): CodeIgniter\CodeIgniter->run()
#7 {main}
